Determining if the pthread_create exist failed with the following output:
Change Dir: /home/admin/Documents/EPL/LMECA1120 - Elements Finis/Devoirs/Devoir 2/myFem-Edges/build/CMakeFiles/CMakeTmp

Run Build Command:"/usr/bin/make" "cmTC_b287f/fast"
/usr/bin/make -f CMakeFiles/cmTC_b287f.dir/build.make CMakeFiles/cmTC_b287f.dir/build
make[1]: Entering directory '/home/admin/Documents/EPL/LMECA1120 - Elements Finis/Devoirs/Devoir 2/myFem-Edges/build/CMakeFiles/CMakeTmp'
Building C object CMakeFiles/cmTC_b287f.dir/CheckSymbolExists.c.o
/usr/bin/cc     -o CMakeFiles/cmTC_b287f.dir/CheckSymbolExists.c.o   -c "/home/admin/Documents/EPL/LMECA1120 - Elements Finis/Devoirs/Devoir 2/myFem-Edges/build/CMakeFiles/CMakeTmp/CheckSymbolExists.c"
Linking C executable cmTC_b287f
/usr/bin/cmake -E cmake_link_script CMakeFiles/cmTC_b287f.dir/link.txt --verbose=1
/usr/bin/cc       CMakeFiles/cmTC_b287f.dir/CheckSymbolExists.c.o  -o cmTC_b287f -rdynamic 
CMakeFiles/cmTC_b287f.dir/CheckSymbolExists.c.o: In function `main':
CheckSymbolExists.c:(.text+0x1b): undefined reference to `pthread_create'
collect2: error: ld returned 1 exit status
CMakeFiles/cmTC_b287f.dir/build.make:97: recipe for target 'cmTC_b287f' failed
make[1]: *** [cmTC_b287f] Error 1
make[1]: Leaving directory '/home/admin/Documents/EPL/LMECA1120 - Elements Finis/Devoirs/Devoir 2/myFem-Edges/build/CMakeFiles/CMakeTmp'
Makefile:126: recipe for target 'cmTC_b287f/fast' failed
make: *** [cmTC_b287f/fast] Error 2

File /home/admin/Documents/EPL/LMECA1120 - Elements Finis/Devoirs/Devoir 2/myFem-Edges/build/CMakeFiles/CMakeTmp/CheckSymbolExists.c:
/* */
#include <pthread.h>

int main(int argc, char** argv)
{
  (void)argv;
#ifndef pthread_create
  return ((int*)(&pthread_create))[argc];
#else
  (void)argc;
  return 0;
#endif
}

Determining if the function pthread_create exists in the pthreads failed with the following output:
Change Dir: /home/admin/Documents/EPL/LMECA1120 - Elements Finis/Devoirs/Devoir 2/myFem-Edges/build/CMakeFiles/CMakeTmp

Run Build Command:"/usr/bin/make" "cmTC_065cf/fast"
/usr/bin/make -f CMakeFiles/cmTC_065cf.dir/build.make CMakeFiles/cmTC_065cf.dir/build
make[1]: Entering directory '/home/admin/Documents/EPL/LMECA1120 - Elements Finis/Devoirs/Devoir 2/myFem-Edges/build/CMakeFiles/CMakeTmp'
Building C object CMakeFiles/cmTC_065cf.dir/CheckFunctionExists.c.o
/usr/bin/cc    -DCHECK_FUNCTION_EXISTS=pthread_create   -o CMakeFiles/cmTC_065cf.dir/CheckFunctionExists.c.o   -c /usr/share/cmake-3.7/Modules/CheckFunctionExists.c
Linking C executable cmTC_065cf
/usr/bin/cmake -E cmake_link_script CMakeFiles/cmTC_065cf.dir/link.txt --verbose=1
/usr/bin/cc   -DCHECK_FUNCTION_EXISTS=pthread_create    CMakeFiles/cmTC_065cf.dir/CheckFunctionExists.c.o  -o cmTC_065cf -rdynamic -lpthreads 
/usr/bin/ld: cannot find -lpthreads
collect2: error: ld returned 1 exit status
CMakeFiles/cmTC_065cf.dir/build.make:97: recipe for target 'cmTC_065cf' failed
make[1]: *** [cmTC_065cf] Error 1
make[1]: Leaving directory '/home/admin/Documents/EPL/LMECA1120 - Elements Finis/Devoirs/Devoir 2/myFem-Edges/build/CMakeFiles/CMakeTmp'
Makefile:126: recipe for target 'cmTC_065cf/fast' failed
make: *** [cmTC_065cf/fast] Error 2


