Determining if the pthread_create exist failed with the following output:
Change Dir: /home/admin/Documents/EPL/LMECA1120 - Elements Finis/Devoirs/Projet2018/Project2018/CMakeFiles/CMakeTmp

Run Build Command:"/usr/bin/make" "cmTC_868d5/fast"
/usr/bin/make -f CMakeFiles/cmTC_868d5.dir/build.make CMakeFiles/cmTC_868d5.dir/build
make[1]: Entering directory '/home/admin/Documents/EPL/LMECA1120 - Elements Finis/Devoirs/Projet2018/Project2018/CMakeFiles/CMakeTmp'
Building C object CMakeFiles/cmTC_868d5.dir/CheckSymbolExists.c.o
/usr/bin/cc     -o CMakeFiles/cmTC_868d5.dir/CheckSymbolExists.c.o   -c "/home/admin/Documents/EPL/LMECA1120 - Elements Finis/Devoirs/Projet2018/Project2018/CMakeFiles/CMakeTmp/CheckSymbolExists.c"
Linking C executable cmTC_868d5
/usr/bin/cmake -E cmake_link_script CMakeFiles/cmTC_868d5.dir/link.txt --verbose=1
/usr/bin/cc       CMakeFiles/cmTC_868d5.dir/CheckSymbolExists.c.o  -o cmTC_868d5 -rdynamic 
CMakeFiles/cmTC_868d5.dir/CheckSymbolExists.c.o: In function `main':
CheckSymbolExists.c:(.text+0x1b): undefined reference to `pthread_create'
collect2: error: ld returned 1 exit status
CMakeFiles/cmTC_868d5.dir/build.make:97: recipe for target 'cmTC_868d5' failed
make[1]: *** [cmTC_868d5] Error 1
make[1]: Leaving directory '/home/admin/Documents/EPL/LMECA1120 - Elements Finis/Devoirs/Projet2018/Project2018/CMakeFiles/CMakeTmp'
Makefile:126: recipe for target 'cmTC_868d5/fast' failed
make: *** [cmTC_868d5/fast] Error 2

File /home/admin/Documents/EPL/LMECA1120 - Elements Finis/Devoirs/Projet2018/Project2018/CMakeFiles/CMakeTmp/CheckSymbolExists.c:
/* */
#include <pthread.h>

int main(int argc, char** argv)
{
  (void)argv;
#ifndef pthread_create
  return ((int*)(&pthread_create))[argc];
#else
  (void)argc;
  return 0;
#endif
}

Determining if the function pthread_create exists in the pthreads failed with the following output:
Change Dir: /home/admin/Documents/EPL/LMECA1120 - Elements Finis/Devoirs/Projet2018/Project2018/CMakeFiles/CMakeTmp

Run Build Command:"/usr/bin/make" "cmTC_f1b54/fast"
/usr/bin/make -f CMakeFiles/cmTC_f1b54.dir/build.make CMakeFiles/cmTC_f1b54.dir/build
make[1]: Entering directory '/home/admin/Documents/EPL/LMECA1120 - Elements Finis/Devoirs/Projet2018/Project2018/CMakeFiles/CMakeTmp'
Building C object CMakeFiles/cmTC_f1b54.dir/CheckFunctionExists.c.o
/usr/bin/cc    -DCHECK_FUNCTION_EXISTS=pthread_create   -o CMakeFiles/cmTC_f1b54.dir/CheckFunctionExists.c.o   -c /usr/share/cmake-3.7/Modules/CheckFunctionExists.c
Linking C executable cmTC_f1b54
/usr/bin/cmake -E cmake_link_script CMakeFiles/cmTC_f1b54.dir/link.txt --verbose=1
/usr/bin/cc   -DCHECK_FUNCTION_EXISTS=pthread_create    CMakeFiles/cmTC_f1b54.dir/CheckFunctionExists.c.o  -o cmTC_f1b54 -rdynamic -lpthreads 
/usr/bin/ld: cannot find -lpthreads
collect2: error: ld returned 1 exit status
CMakeFiles/cmTC_f1b54.dir/build.make:97: recipe for target 'cmTC_f1b54' failed
make[1]: *** [cmTC_f1b54] Error 1
make[1]: Leaving directory '/home/admin/Documents/EPL/LMECA1120 - Elements Finis/Devoirs/Projet2018/Project2018/CMakeFiles/CMakeTmp'
Makefile:126: recipe for target 'cmTC_f1b54/fast' failed
make: *** [cmTC_f1b54/fast] Error 2


