Determining if the pthread_create exist failed with the following output:
Change Dir: /home/admin/Documents/EPL/LMECA1120 - Elements Finis/Devoirs/myFem-Integrate/build/CMakeFiles/CMakeTmp

Run Build Command:"/usr/bin/make" "cmTC_448a7/fast"
/usr/bin/make -f CMakeFiles/cmTC_448a7.dir/build.make CMakeFiles/cmTC_448a7.dir/build
make[1]: Entering directory '/home/admin/Documents/EPL/LMECA1120 - Elements Finis/Devoirs/myFem-Integrate/build/CMakeFiles/CMakeTmp'
Building C object CMakeFiles/cmTC_448a7.dir/CheckSymbolExists.c.o
/usr/bin/cc     -o CMakeFiles/cmTC_448a7.dir/CheckSymbolExists.c.o   -c "/home/admin/Documents/EPL/LMECA1120 - Elements Finis/Devoirs/myFem-Integrate/build/CMakeFiles/CMakeTmp/CheckSymbolExists.c"
Linking C executable cmTC_448a7
/usr/bin/cmake -E cmake_link_script CMakeFiles/cmTC_448a7.dir/link.txt --verbose=1
/usr/bin/cc       CMakeFiles/cmTC_448a7.dir/CheckSymbolExists.c.o  -o cmTC_448a7 -rdynamic 
CMakeFiles/cmTC_448a7.dir/CheckSymbolExists.c.o: In function `main':
CheckSymbolExists.c:(.text+0x1b): undefined reference to `pthread_create'
collect2: error: ld returned 1 exit status
CMakeFiles/cmTC_448a7.dir/build.make:97: recipe for target 'cmTC_448a7' failed
make[1]: *** [cmTC_448a7] Error 1
make[1]: Leaving directory '/home/admin/Documents/EPL/LMECA1120 - Elements Finis/Devoirs/myFem-Integrate/build/CMakeFiles/CMakeTmp'
Makefile:126: recipe for target 'cmTC_448a7/fast' failed
make: *** [cmTC_448a7/fast] Error 2

File /home/admin/Documents/EPL/LMECA1120 - Elements Finis/Devoirs/myFem-Integrate/build/CMakeFiles/CMakeTmp/CheckSymbolExists.c:
/* */
#include <pthread.h>

int main(int argc, char** argv)
{
  (void)argv;
#ifndef pthread_create
  return ((int*)(&pthread_create))[argc];
#else
  (void)argc;
  return 0;
#endif
}

Determining if the function pthread_create exists in the pthreads failed with the following output:
Change Dir: /home/admin/Documents/EPL/LMECA1120 - Elements Finis/Devoirs/myFem-Integrate/build/CMakeFiles/CMakeTmp

Run Build Command:"/usr/bin/make" "cmTC_8cd92/fast"
/usr/bin/make -f CMakeFiles/cmTC_8cd92.dir/build.make CMakeFiles/cmTC_8cd92.dir/build
make[1]: Entering directory '/home/admin/Documents/EPL/LMECA1120 - Elements Finis/Devoirs/myFem-Integrate/build/CMakeFiles/CMakeTmp'
Building C object CMakeFiles/cmTC_8cd92.dir/CheckFunctionExists.c.o
/usr/bin/cc    -DCHECK_FUNCTION_EXISTS=pthread_create   -o CMakeFiles/cmTC_8cd92.dir/CheckFunctionExists.c.o   -c /usr/share/cmake-3.7/Modules/CheckFunctionExists.c
Linking C executable cmTC_8cd92
/usr/bin/cmake -E cmake_link_script CMakeFiles/cmTC_8cd92.dir/link.txt --verbose=1
/usr/bin/cc   -DCHECK_FUNCTION_EXISTS=pthread_create    CMakeFiles/cmTC_8cd92.dir/CheckFunctionExists.c.o  -o cmTC_8cd92 -rdynamic -lpthreads 
/usr/bin/ld: cannot find -lpthreads
collect2: error: ld returned 1 exit status
CMakeFiles/cmTC_8cd92.dir/build.make:97: recipe for target 'cmTC_8cd92' failed
make[1]: *** [cmTC_8cd92] Error 1
make[1]: Leaving directory '/home/admin/Documents/EPL/LMECA1120 - Elements Finis/Devoirs/myFem-Integrate/build/CMakeFiles/CMakeTmp'
Makefile:126: recipe for target 'cmTC_8cd92/fast' failed
make: *** [cmTC_8cd92/fast] Error 2


