The system is: Linux - 4.10.0-42-generic - x86_64
Compiling the C compiler identification source file "CMakeCCompilerId.c" succeeded.
Compiler: /usr/bin/cc 
Build flags: 
Id flags: 

The output was:
0


Compilation of the C compiler identification source "CMakeCCompilerId.c" produced "a.out"

The C compiler identification is GNU, found in "/home/admin/Documents/EPL/LMECA1120 - Elements Finis/Devoirs/Devoir 2/myFem-Edges/glfw-3.2.1/CMakeFiles/3.7.2/CompilerIdC/a.out"

Determining if the C compiler works passed with the following output:
Change Dir: /home/admin/Documents/EPL/LMECA1120 - Elements Finis/Devoirs/Devoir 2/myFem-Edges/glfw-3.2.1/CMakeFiles/CMakeTmp

Run Build Command:"/usr/bin/make" "cmTC_71b08/fast"
/usr/bin/make -f CMakeFiles/cmTC_71b08.dir/build.make CMakeFiles/cmTC_71b08.dir/build
make[1]: Entering directory '/home/admin/Documents/EPL/LMECA1120 - Elements Finis/Devoirs/Devoir 2/myFem-Edges/glfw-3.2.1/CMakeFiles/CMakeTmp'
Building C object CMakeFiles/cmTC_71b08.dir/testCCompiler.c.o
/usr/bin/cc     -o CMakeFiles/cmTC_71b08.dir/testCCompiler.c.o   -c "/home/admin/Documents/EPL/LMECA1120 - Elements Finis/Devoirs/Devoir 2/myFem-Edges/glfw-3.2.1/CMakeFiles/CMakeTmp/testCCompiler.c"
Linking C executable cmTC_71b08
/usr/bin/cmake -E cmake_link_script CMakeFiles/cmTC_71b08.dir/link.txt --verbose=1
/usr/bin/cc       CMakeFiles/cmTC_71b08.dir/testCCompiler.c.o  -o cmTC_71b08 -rdynamic 
make[1]: Leaving directory '/home/admin/Documents/EPL/LMECA1120 - Elements Finis/Devoirs/Devoir 2/myFem-Edges/glfw-3.2.1/CMakeFiles/CMakeTmp'


Detecting C compiler ABI info compiled with the following output:
Change Dir: /home/admin/Documents/EPL/LMECA1120 - Elements Finis/Devoirs/Devoir 2/myFem-Edges/glfw-3.2.1/CMakeFiles/CMakeTmp

Run Build Command:"/usr/bin/make" "cmTC_0c5ca/fast"
/usr/bin/make -f CMakeFiles/cmTC_0c5ca.dir/build.make CMakeFiles/cmTC_0c5ca.dir/build
make[1]: Entering directory '/home/admin/Documents/EPL/LMECA1120 - Elements Finis/Devoirs/Devoir 2/myFem-Edges/glfw-3.2.1/CMakeFiles/CMakeTmp'
Building C object CMakeFiles/cmTC_0c5ca.dir/CMakeCCompilerABI.c.o
/usr/bin/cc     -o CMakeFiles/cmTC_0c5ca.dir/CMakeCCompilerABI.c.o   -c /usr/share/cmake-3.7/Modules/CMakeCCompilerABI.c
Linking C executable cmTC_0c5ca
/usr/bin/cmake -E cmake_link_script CMakeFiles/cmTC_0c5ca.dir/link.txt --verbose=1
/usr/bin/cc      -v CMakeFiles/cmTC_0c5ca.dir/CMakeCCompilerABI.c.o  -o cmTC_0c5ca -rdynamic  
Using built-in specs.
COLLECT_GCC=/usr/bin/cc
COLLECT_LTO_WRAPPER=/usr/lib/gcc/x86_64-linux-gnu/6/lto-wrapper
Target: x86_64-linux-gnu
Configured with: ../src/configure -v --with-pkgversion='Ubuntu 6.3.0-12ubuntu2' --with-bugurl=file:///usr/share/doc/gcc-6/README.Bugs --enable-languages=c,ada,c++,java,go,d,fortran,objc,obj-c++ --prefix=/usr --program-suffix=-6 --program-prefix=x86_64-linux-gnu- --enable-shared --enable-linker-build-id --libexecdir=/usr/lib --without-included-gettext --enable-threads=posix --libdir=/usr/lib --enable-nls --with-sysroot=/ --enable-clocale=gnu --enable-libstdcxx-debug --enable-libstdcxx-time=yes --with-default-libstdcxx-abi=new --enable-gnu-unique-object --disable-vtable-verify --enable-libmpx --enable-plugin --enable-default-pie --with-system-zlib --disable-browser-plugin --enable-java-awt=gtk --enable-gtk-cairo --with-java-home=/usr/lib/jvm/java-1.5.0-gcj-6-amd64/jre --enable-java-home --with-jvm-root-dir=/usr/lib/jvm/java-1.5.0-gcj-6-amd64 --with-jvm-jar-dir=/usr/lib/jvm-exports/java-1.5.0-gcj-6-amd64 --with-arch-directory=amd64 --with-ecj-jar=/usr/share/java/eclipse-ecj.jar --with-target-system-zlib --enable-objc-gc=auto --enable-multiarch --disable-werror --with-arch-32=i686 --with-abi=m64 --with-multilib-list=m32,m64,mx32 --enable-multilib --with-tune=generic --enable-checking=release --build=x86_64-linux-gnu --host=x86_64-linux-gnu --target=x86_64-linux-gnu
Thread model: posix
gcc version 6.3.0 20170406 (Ubuntu 6.3.0-12ubuntu2) 
COMPILER_PATH=/usr/lib/gcc/x86_64-linux-gnu/6/:/usr/lib/gcc/x86_64-linux-gnu/6/:/usr/lib/gcc/x86_64-linux-gnu/:/usr/lib/gcc/x86_64-linux-gnu/6/:/usr/lib/gcc/x86_64-linux-gnu/
LIBRARY_PATH=/usr/lib/gcc/x86_64-linux-gnu/6/:/usr/lib/gcc/x86_64-linux-gnu/6/../../../x86_64-linux-gnu/:/usr/lib/gcc/x86_64-linux-gnu/6/../../../../lib/:/lib/x86_64-linux-gnu/:/lib/../lib/:/usr/lib/x86_64-linux-gnu/:/usr/lib/../lib/:/usr/lib/gcc/x86_64-linux-gnu/6/../../../:/lib/:/usr/lib/
COLLECT_GCC_OPTIONS='-v' '-o' 'cmTC_0c5ca' '-rdynamic' '-mtune=generic' '-march=x86-64'
 /usr/lib/gcc/x86_64-linux-gnu/6/collect2 -plugin /usr/lib/gcc/x86_64-linux-gnu/6/liblto_plugin.so -plugin-opt=/usr/lib/gcc/x86_64-linux-gnu/6/lto-wrapper -plugin-opt=-fresolution=/tmp/ccOvJdUU.res -plugin-opt=-pass-through=-lgcc -plugin-opt=-pass-through=-lgcc_s -plugin-opt=-pass-through=-lc -plugin-opt=-pass-through=-lgcc -plugin-opt=-pass-through=-lgcc_s --sysroot=/ --build-id --eh-frame-hdr -m elf_x86_64 --hash-style=gnu --as-needed -export-dynamic -dynamic-linker /lib64/ld-linux-x86-64.so.2 -pie -z now -z relro -o cmTC_0c5ca /usr/lib/gcc/x86_64-linux-gnu/6/../../../x86_64-linux-gnu/Scrt1.o /usr/lib/gcc/x86_64-linux-gnu/6/../../../x86_64-linux-gnu/crti.o /usr/lib/gcc/x86_64-linux-gnu/6/crtbeginS.o -L/usr/lib/gcc/x86_64-linux-gnu/6 -L/usr/lib/gcc/x86_64-linux-gnu/6/../../../x86_64-linux-gnu -L/usr/lib/gcc/x86_64-linux-gnu/6/../../../../lib -L/lib/x86_64-linux-gnu -L/lib/../lib -L/usr/lib/x86_64-linux-gnu -L/usr/lib/../lib -L/usr/lib/gcc/x86_64-linux-gnu/6/../../.. CMakeFiles/cmTC_0c5ca.dir/CMakeCCompilerABI.c.o -lgcc --as-needed -lgcc_s --no-as-needed -lc -lgcc --as-needed -lgcc_s --no-as-needed /usr/lib/gcc/x86_64-linux-gnu/6/crtendS.o /usr/lib/gcc/x86_64-linux-gnu/6/../../../x86_64-linux-gnu/crtn.o
COLLECT_GCC_OPTIONS='-v' '-o' 'cmTC_0c5ca' '-rdynamic' '-mtune=generic' '-march=x86-64'
make[1]: Leaving directory '/home/admin/Documents/EPL/LMECA1120 - Elements Finis/Devoirs/Devoir 2/myFem-Edges/glfw-3.2.1/CMakeFiles/CMakeTmp'


Parsed C implicit link information from above output:
  link line regex: [^( *|.*[/\])(ld|([^/\]+-)?ld|collect2)[^/\]*( |$)]
  ignore line: [Change Dir: /home/admin/Documents/EPL/LMECA1120 - Elements Finis/Devoirs/Devoir 2/myFem-Edges/glfw-3.2.1/CMakeFiles/CMakeTmp]
  ignore line: []
  ignore line: [Run Build Command:"/usr/bin/make" "cmTC_0c5ca/fast"]
  ignore line: [/usr/bin/make -f CMakeFiles/cmTC_0c5ca.dir/build.make CMakeFiles/cmTC_0c5ca.dir/build]
  ignore line: [make[1]: Entering directory '/home/admin/Documents/EPL/LMECA1120 - Elements Finis/Devoirs/Devoir 2/myFem-Edges/glfw-3.2.1/CMakeFiles/CMakeTmp']
  ignore line: [Building C object CMakeFiles/cmTC_0c5ca.dir/CMakeCCompilerABI.c.o]
  ignore line: [/usr/bin/cc     -o CMakeFiles/cmTC_0c5ca.dir/CMakeCCompilerABI.c.o   -c /usr/share/cmake-3.7/Modules/CMakeCCompilerABI.c]
  ignore line: [Linking C executable cmTC_0c5ca]
  ignore line: [/usr/bin/cmake -E cmake_link_script CMakeFiles/cmTC_0c5ca.dir/link.txt --verbose=1]
  ignore line: [/usr/bin/cc      -v CMakeFiles/cmTC_0c5ca.dir/CMakeCCompilerABI.c.o  -o cmTC_0c5ca -rdynamic  ]
  ignore line: [Using built-in specs.]
  ignore line: [COLLECT_GCC=/usr/bin/cc]
  ignore line: [COLLECT_LTO_WRAPPER=/usr/lib/gcc/x86_64-linux-gnu/6/lto-wrapper]
  ignore line: [Target: x86_64-linux-gnu]
  ignore line: [Configured with: ../src/configure -v --with-pkgversion='Ubuntu 6.3.0-12ubuntu2' --with-bugurl=file:///usr/share/doc/gcc-6/README.Bugs --enable-languages=c,ada,c++,java,go,d,fortran,objc,obj-c++ --prefix=/usr --program-suffix=-6 --program-prefix=x86_64-linux-gnu- --enable-shared --enable-linker-build-id --libexecdir=/usr/lib --without-included-gettext --enable-threads=posix --libdir=/usr/lib --enable-nls --with-sysroot=/ --enable-clocale=gnu --enable-libstdcxx-debug --enable-libstdcxx-time=yes --with-default-libstdcxx-abi=new --enable-gnu-unique-object --disable-vtable-verify --enable-libmpx --enable-plugin --enable-default-pie --with-system-zlib --disable-browser-plugin --enable-java-awt=gtk --enable-gtk-cairo --with-java-home=/usr/lib/jvm/java-1.5.0-gcj-6-amd64/jre --enable-java-home --with-jvm-root-dir=/usr/lib/jvm/java-1.5.0-gcj-6-amd64 --with-jvm-jar-dir=/usr/lib/jvm-exports/java-1.5.0-gcj-6-amd64 --with-arch-directory=amd64 --with-ecj-jar=/usr/share/java/eclipse-ecj.jar --with-target-system-zlib --enable-objc-gc=auto --enable-multiarch --disable-werror --with-arch-32=i686 --with-abi=m64 --with-multilib-list=m32,m64,mx32 --enable-multilib --with-tune=generic --enable-checking=release --build=x86_64-linux-gnu --host=x86_64-linux-gnu --target=x86_64-linux-gnu]
  ignore line: [Thread model: posix]
  ignore line: [gcc version 6.3.0 20170406 (Ubuntu 6.3.0-12ubuntu2) ]
  ignore line: [COMPILER_PATH=/usr/lib/gcc/x86_64-linux-gnu/6/:/usr/lib/gcc/x86_64-linux-gnu/6/:/usr/lib/gcc/x86_64-linux-gnu/:/usr/lib/gcc/x86_64-linux-gnu/6/:/usr/lib/gcc/x86_64-linux-gnu/]
  ignore line: [LIBRARY_PATH=/usr/lib/gcc/x86_64-linux-gnu/6/:/usr/lib/gcc/x86_64-linux-gnu/6/../../../x86_64-linux-gnu/:/usr/lib/gcc/x86_64-linux-gnu/6/../../../../lib/:/lib/x86_64-linux-gnu/:/lib/../lib/:/usr/lib/x86_64-linux-gnu/:/usr/lib/../lib/:/usr/lib/gcc/x86_64-linux-gnu/6/../../../:/lib/:/usr/lib/]
  ignore line: [COLLECT_GCC_OPTIONS='-v' '-o' 'cmTC_0c5ca' '-rdynamic' '-mtune=generic' '-march=x86-64']
  link line: [ /usr/lib/gcc/x86_64-linux-gnu/6/collect2 -plugin /usr/lib/gcc/x86_64-linux-gnu/6/liblto_plugin.so -plugin-opt=/usr/lib/gcc/x86_64-linux-gnu/6/lto-wrapper -plugin-opt=-fresolution=/tmp/ccOvJdUU.res -plugin-opt=-pass-through=-lgcc -plugin-opt=-pass-through=-lgcc_s -plugin-opt=-pass-through=-lc -plugin-opt=-pass-through=-lgcc -plugin-opt=-pass-through=-lgcc_s --sysroot=/ --build-id --eh-frame-hdr -m elf_x86_64 --hash-style=gnu --as-needed -export-dynamic -dynamic-linker /lib64/ld-linux-x86-64.so.2 -pie -z now -z relro -o cmTC_0c5ca /usr/lib/gcc/x86_64-linux-gnu/6/../../../x86_64-linux-gnu/Scrt1.o /usr/lib/gcc/x86_64-linux-gnu/6/../../../x86_64-linux-gnu/crti.o /usr/lib/gcc/x86_64-linux-gnu/6/crtbeginS.o -L/usr/lib/gcc/x86_64-linux-gnu/6 -L/usr/lib/gcc/x86_64-linux-gnu/6/../../../x86_64-linux-gnu -L/usr/lib/gcc/x86_64-linux-gnu/6/../../../../lib -L/lib/x86_64-linux-gnu -L/lib/../lib -L/usr/lib/x86_64-linux-gnu -L/usr/lib/../lib -L/usr/lib/gcc/x86_64-linux-gnu/6/../../.. CMakeFiles/cmTC_0c5ca.dir/CMakeCCompilerABI.c.o -lgcc --as-needed -lgcc_s --no-as-needed -lc -lgcc --as-needed -lgcc_s --no-as-needed /usr/lib/gcc/x86_64-linux-gnu/6/crtendS.o /usr/lib/gcc/x86_64-linux-gnu/6/../../../x86_64-linux-gnu/crtn.o]
    arg [/usr/lib/gcc/x86_64-linux-gnu/6/collect2] ==> ignore
    arg [-plugin] ==> ignore
    arg [/usr/lib/gcc/x86_64-linux-gnu/6/liblto_plugin.so] ==> ignore
    arg [-plugin-opt=/usr/lib/gcc/x86_64-linux-gnu/6/lto-wrapper] ==> ignore
    arg [-plugin-opt=-fresolution=/tmp/ccOvJdUU.res] ==> ignore
    arg [-plugin-opt=-pass-through=-lgcc] ==> ignore
    arg [-plugin-opt=-pass-through=-lgcc_s] ==> ignore
    arg [-plugin-opt=-pass-through=-lc] ==> ignore
    arg [-plugin-opt=-pass-through=-lgcc] ==> ignore
    arg [-plugin-opt=-pass-through=-lgcc_s] ==> ignore
    arg [--sysroot=/] ==> ignore
    arg [--build-id] ==> ignore
    arg [--eh-frame-hdr] ==> ignore
    arg [-m] ==> ignore
    arg [elf_x86_64] ==> ignore
    arg [--hash-style=gnu] ==> ignore
    arg [--as-needed] ==> ignore
    arg [-export-dynamic] ==> ignore
    arg [-dynamic-linker] ==> ignore
    arg [/lib64/ld-linux-x86-64.so.2] ==> ignore
    arg [-pie] ==> ignore
    arg [-znow] ==> ignore
    arg [-zrelro] ==> ignore
    arg [-o] ==> ignore
    arg [cmTC_0c5ca] ==> ignore
    arg [/usr/lib/gcc/x86_64-linux-gnu/6/../../../x86_64-linux-gnu/Scrt1.o] ==> ignore
    arg [/usr/lib/gcc/x86_64-linux-gnu/6/../../../x86_64-linux-gnu/crti.o] ==> ignore
    arg [/usr/lib/gcc/x86_64-linux-gnu/6/crtbeginS.o] ==> ignore
    arg [-L/usr/lib/gcc/x86_64-linux-gnu/6] ==> dir [/usr/lib/gcc/x86_64-linux-gnu/6]
    arg [-L/usr/lib/gcc/x86_64-linux-gnu/6/../../../x86_64-linux-gnu] ==> dir [/usr/lib/gcc/x86_64-linux-gnu/6/../../../x86_64-linux-gnu]
    arg [-L/usr/lib/gcc/x86_64-linux-gnu/6/../../../../lib] ==> dir [/usr/lib/gcc/x86_64-linux-gnu/6/../../../../lib]
    arg [-L/lib/x86_64-linux-gnu] ==> dir [/lib/x86_64-linux-gnu]
    arg [-L/lib/../lib] ==> dir [/lib/../lib]
    arg [-L/usr/lib/x86_64-linux-gnu] ==> dir [/usr/lib/x86_64-linux-gnu]
    arg [-L/usr/lib/../lib] ==> dir [/usr/lib/../lib]
    arg [-L/usr/lib/gcc/x86_64-linux-gnu/6/../../..] ==> dir [/usr/lib/gcc/x86_64-linux-gnu/6/../../..]
    arg [CMakeFiles/cmTC_0c5ca.dir/CMakeCCompilerABI.c.o] ==> ignore
    arg [-lgcc] ==> lib [gcc]
    arg [--as-needed] ==> ignore
    arg [-lgcc_s] ==> lib [gcc_s]
    arg [--no-as-needed] ==> ignore
    arg [-lc] ==> lib [c]
    arg [-lgcc] ==> lib [gcc]
    arg [--as-needed] ==> ignore
    arg [-lgcc_s] ==> lib [gcc_s]
    arg [--no-as-needed] ==> ignore
    arg [/usr/lib/gcc/x86_64-linux-gnu/6/crtendS.o] ==> ignore
    arg [/usr/lib/gcc/x86_64-linux-gnu/6/../../../x86_64-linux-gnu/crtn.o] ==> ignore
  remove lib [gcc]
  remove lib [gcc_s]
  remove lib [gcc]
  remove lib [gcc_s]
  collapse library dir [/usr/lib/gcc/x86_64-linux-gnu/6] ==> [/usr/lib/gcc/x86_64-linux-gnu/6]
  collapse library dir [/usr/lib/gcc/x86_64-linux-gnu/6/../../../x86_64-linux-gnu] ==> [/usr/lib/x86_64-linux-gnu]
  collapse library dir [/usr/lib/gcc/x86_64-linux-gnu/6/../../../../lib] ==> [/usr/lib]
  collapse library dir [/lib/x86_64-linux-gnu] ==> [/lib/x86_64-linux-gnu]
  collapse library dir [/lib/../lib] ==> [/lib]
  collapse library dir [/usr/lib/x86_64-linux-gnu] ==> [/usr/lib/x86_64-linux-gnu]
  collapse library dir [/usr/lib/../lib] ==> [/usr/lib]
  collapse library dir [/usr/lib/gcc/x86_64-linux-gnu/6/../../..] ==> [/usr/lib]
  implicit libs: [c]
  implicit dirs: [/usr/lib/gcc/x86_64-linux-gnu/6;/usr/lib/x86_64-linux-gnu;/usr/lib;/lib/x86_64-linux-gnu;/lib]
  implicit fwks: []




Detecting C [-std=c11] compiler features compiled with the following output:
Change Dir: /home/admin/Documents/EPL/LMECA1120 - Elements Finis/Devoirs/Devoir 2/myFem-Edges/glfw-3.2.1/CMakeFiles/CMakeTmp

Run Build Command:"/usr/bin/make" "cmTC_927d7/fast"
/usr/bin/make -f CMakeFiles/cmTC_927d7.dir/build.make CMakeFiles/cmTC_927d7.dir/build
make[1]: Entering directory '/home/admin/Documents/EPL/LMECA1120 - Elements Finis/Devoirs/Devoir 2/myFem-Edges/glfw-3.2.1/CMakeFiles/CMakeTmp'
Building C object CMakeFiles/cmTC_927d7.dir/feature_tests.c.o
/usr/bin/cc    -std=c11 -o CMakeFiles/cmTC_927d7.dir/feature_tests.c.o   -c "/home/admin/Documents/EPL/LMECA1120 - Elements Finis/Devoirs/Devoir 2/myFem-Edges/glfw-3.2.1/CMakeFiles/feature_tests.c"
Linking C executable cmTC_927d7
/usr/bin/cmake -E cmake_link_script CMakeFiles/cmTC_927d7.dir/link.txt --verbose=1
/usr/bin/cc       CMakeFiles/cmTC_927d7.dir/feature_tests.c.o  -o cmTC_927d7 -rdynamic 
make[1]: Leaving directory '/home/admin/Documents/EPL/LMECA1120 - Elements Finis/Devoirs/Devoir 2/myFem-Edges/glfw-3.2.1/CMakeFiles/CMakeTmp'


    Feature record: C_FEATURE:1c_function_prototypes
    Feature record: C_FEATURE:1c_restrict
    Feature record: C_FEATURE:1c_static_assert
    Feature record: C_FEATURE:1c_variadic_macros


Detecting C [-std=c99] compiler features compiled with the following output:
Change Dir: /home/admin/Documents/EPL/LMECA1120 - Elements Finis/Devoirs/Devoir 2/myFem-Edges/glfw-3.2.1/CMakeFiles/CMakeTmp

Run Build Command:"/usr/bin/make" "cmTC_8d28b/fast"
/usr/bin/make -f CMakeFiles/cmTC_8d28b.dir/build.make CMakeFiles/cmTC_8d28b.dir/build
make[1]: Entering directory '/home/admin/Documents/EPL/LMECA1120 - Elements Finis/Devoirs/Devoir 2/myFem-Edges/glfw-3.2.1/CMakeFiles/CMakeTmp'
Building C object CMakeFiles/cmTC_8d28b.dir/feature_tests.c.o
/usr/bin/cc    -std=c99 -o CMakeFiles/cmTC_8d28b.dir/feature_tests.c.o   -c "/home/admin/Documents/EPL/LMECA1120 - Elements Finis/Devoirs/Devoir 2/myFem-Edges/glfw-3.2.1/CMakeFiles/feature_tests.c"
Linking C executable cmTC_8d28b
/usr/bin/cmake -E cmake_link_script CMakeFiles/cmTC_8d28b.dir/link.txt --verbose=1
/usr/bin/cc       CMakeFiles/cmTC_8d28b.dir/feature_tests.c.o  -o cmTC_8d28b -rdynamic 
make[1]: Leaving directory '/home/admin/Documents/EPL/LMECA1120 - Elements Finis/Devoirs/Devoir 2/myFem-Edges/glfw-3.2.1/CMakeFiles/CMakeTmp'


    Feature record: C_FEATURE:1c_function_prototypes
    Feature record: C_FEATURE:1c_restrict
    Feature record: C_FEATURE:0c_static_assert
    Feature record: C_FEATURE:1c_variadic_macros


Detecting C [-std=c90] compiler features compiled with the following output:
Change Dir: /home/admin/Documents/EPL/LMECA1120 - Elements Finis/Devoirs/Devoir 2/myFem-Edges/glfw-3.2.1/CMakeFiles/CMakeTmp

Run Build Command:"/usr/bin/make" "cmTC_15b85/fast"
/usr/bin/make -f CMakeFiles/cmTC_15b85.dir/build.make CMakeFiles/cmTC_15b85.dir/build
make[1]: Entering directory '/home/admin/Documents/EPL/LMECA1120 - Elements Finis/Devoirs/Devoir 2/myFem-Edges/glfw-3.2.1/CMakeFiles/CMakeTmp'
Building C object CMakeFiles/cmTC_15b85.dir/feature_tests.c.o
/usr/bin/cc    -std=c90 -o CMakeFiles/cmTC_15b85.dir/feature_tests.c.o   -c "/home/admin/Documents/EPL/LMECA1120 - Elements Finis/Devoirs/Devoir 2/myFem-Edges/glfw-3.2.1/CMakeFiles/feature_tests.c"
Linking C executable cmTC_15b85
/usr/bin/cmake -E cmake_link_script CMakeFiles/cmTC_15b85.dir/link.txt --verbose=1
/usr/bin/cc       CMakeFiles/cmTC_15b85.dir/feature_tests.c.o  -o cmTC_15b85 -rdynamic 
make[1]: Leaving directory '/home/admin/Documents/EPL/LMECA1120 - Elements Finis/Devoirs/Devoir 2/myFem-Edges/glfw-3.2.1/CMakeFiles/CMakeTmp'


    Feature record: C_FEATURE:1c_function_prototypes
    Feature record: C_FEATURE:0c_restrict
    Feature record: C_FEATURE:0c_static_assert
    Feature record: C_FEATURE:0c_variadic_macros
Determining if the include file pthread.h exists passed with the following output:
Change Dir: /home/admin/Documents/EPL/LMECA1120 - Elements Finis/Devoirs/Devoir 2/myFem-Edges/glfw-3.2.1/CMakeFiles/CMakeTmp

Run Build Command:"/usr/bin/make" "cmTC_ec356/fast"
/usr/bin/make -f CMakeFiles/cmTC_ec356.dir/build.make CMakeFiles/cmTC_ec356.dir/build
make[1]: Entering directory '/home/admin/Documents/EPL/LMECA1120 - Elements Finis/Devoirs/Devoir 2/myFem-Edges/glfw-3.2.1/CMakeFiles/CMakeTmp'
Building C object CMakeFiles/cmTC_ec356.dir/CheckIncludeFile.c.o
/usr/bin/cc     -o CMakeFiles/cmTC_ec356.dir/CheckIncludeFile.c.o   -c "/home/admin/Documents/EPL/LMECA1120 - Elements Finis/Devoirs/Devoir 2/myFem-Edges/glfw-3.2.1/CMakeFiles/CMakeTmp/CheckIncludeFile.c"
Linking C executable cmTC_ec356
/usr/bin/cmake -E cmake_link_script CMakeFiles/cmTC_ec356.dir/link.txt --verbose=1
/usr/bin/cc       CMakeFiles/cmTC_ec356.dir/CheckIncludeFile.c.o  -o cmTC_ec356 -rdynamic 
make[1]: Leaving directory '/home/admin/Documents/EPL/LMECA1120 - Elements Finis/Devoirs/Devoir 2/myFem-Edges/glfw-3.2.1/CMakeFiles/CMakeTmp'


Determining if the function pthread_create exists in the pthread passed with the following output:
Change Dir: /home/admin/Documents/EPL/LMECA1120 - Elements Finis/Devoirs/Devoir 2/myFem-Edges/glfw-3.2.1/CMakeFiles/CMakeTmp

Run Build Command:"/usr/bin/make" "cmTC_797d1/fast"
/usr/bin/make -f CMakeFiles/cmTC_797d1.dir/build.make CMakeFiles/cmTC_797d1.dir/build
make[1]: Entering directory '/home/admin/Documents/EPL/LMECA1120 - Elements Finis/Devoirs/Devoir 2/myFem-Edges/glfw-3.2.1/CMakeFiles/CMakeTmp'
Building C object CMakeFiles/cmTC_797d1.dir/CheckFunctionExists.c.o
/usr/bin/cc    -DCHECK_FUNCTION_EXISTS=pthread_create   -o CMakeFiles/cmTC_797d1.dir/CheckFunctionExists.c.o   -c /usr/share/cmake-3.7/Modules/CheckFunctionExists.c
Linking C executable cmTC_797d1
/usr/bin/cmake -E cmake_link_script CMakeFiles/cmTC_797d1.dir/link.txt --verbose=1
/usr/bin/cc   -DCHECK_FUNCTION_EXISTS=pthread_create    CMakeFiles/cmTC_797d1.dir/CheckFunctionExists.c.o  -o cmTC_797d1 -rdynamic -lpthread 
make[1]: Leaving directory '/home/admin/Documents/EPL/LMECA1120 - Elements Finis/Devoirs/Devoir 2/myFem-Edges/glfw-3.2.1/CMakeFiles/CMakeTmp'


Determining if the function XOpenDisplay exists in the /usr/lib/x86_64-linux-gnu/libX11.so;/usr/lib/x86_64-linux-gnu/libXext.so passed with the following output:
Change Dir: /home/admin/Documents/EPL/LMECA1120 - Elements Finis/Devoirs/Devoir 2/myFem-Edges/glfw-3.2.1/CMakeFiles/CMakeTmp

Run Build Command:"/usr/bin/make" "cmTC_178a0/fast"
/usr/bin/make -f CMakeFiles/cmTC_178a0.dir/build.make CMakeFiles/cmTC_178a0.dir/build
make[1]: Entering directory '/home/admin/Documents/EPL/LMECA1120 - Elements Finis/Devoirs/Devoir 2/myFem-Edges/glfw-3.2.1/CMakeFiles/CMakeTmp'
Building C object CMakeFiles/cmTC_178a0.dir/CheckFunctionExists.c.o
/usr/bin/cc    -DCHECK_FUNCTION_EXISTS=XOpenDisplay   -o CMakeFiles/cmTC_178a0.dir/CheckFunctionExists.c.o   -c /usr/share/cmake-3.7/Modules/CheckFunctionExists.c
Linking C executable cmTC_178a0
/usr/bin/cmake -E cmake_link_script CMakeFiles/cmTC_178a0.dir/link.txt --verbose=1
/usr/bin/cc   -DCHECK_FUNCTION_EXISTS=XOpenDisplay    CMakeFiles/cmTC_178a0.dir/CheckFunctionExists.c.o  -o cmTC_178a0 -rdynamic /usr/lib/x86_64-linux-gnu/libX11.so /usr/lib/x86_64-linux-gnu/libXext.so 
make[1]: Leaving directory '/home/admin/Documents/EPL/LMECA1120 - Elements Finis/Devoirs/Devoir 2/myFem-Edges/glfw-3.2.1/CMakeFiles/CMakeTmp'


Determining if the function gethostbyname exists passed with the following output:
Change Dir: /home/admin/Documents/EPL/LMECA1120 - Elements Finis/Devoirs/Devoir 2/myFem-Edges/glfw-3.2.1/CMakeFiles/CMakeTmp

Run Build Command:"/usr/bin/make" "cmTC_867d8/fast"
/usr/bin/make -f CMakeFiles/cmTC_867d8.dir/build.make CMakeFiles/cmTC_867d8.dir/build
make[1]: Entering directory '/home/admin/Documents/EPL/LMECA1120 - Elements Finis/Devoirs/Devoir 2/myFem-Edges/glfw-3.2.1/CMakeFiles/CMakeTmp'
Building C object CMakeFiles/cmTC_867d8.dir/CheckFunctionExists.c.o
/usr/bin/cc    -DCHECK_FUNCTION_EXISTS=gethostbyname   -o CMakeFiles/cmTC_867d8.dir/CheckFunctionExists.c.o   -c /usr/share/cmake-3.7/Modules/CheckFunctionExists.c
Linking C executable cmTC_867d8
/usr/bin/cmake -E cmake_link_script CMakeFiles/cmTC_867d8.dir/link.txt --verbose=1
/usr/bin/cc   -DCHECK_FUNCTION_EXISTS=gethostbyname    CMakeFiles/cmTC_867d8.dir/CheckFunctionExists.c.o  -o cmTC_867d8 -rdynamic 
make[1]: Leaving directory '/home/admin/Documents/EPL/LMECA1120 - Elements Finis/Devoirs/Devoir 2/myFem-Edges/glfw-3.2.1/CMakeFiles/CMakeTmp'


Determining if the function connect exists passed with the following output:
Change Dir: /home/admin/Documents/EPL/LMECA1120 - Elements Finis/Devoirs/Devoir 2/myFem-Edges/glfw-3.2.1/CMakeFiles/CMakeTmp

Run Build Command:"/usr/bin/make" "cmTC_62548/fast"
/usr/bin/make -f CMakeFiles/cmTC_62548.dir/build.make CMakeFiles/cmTC_62548.dir/build
make[1]: Entering directory '/home/admin/Documents/EPL/LMECA1120 - Elements Finis/Devoirs/Devoir 2/myFem-Edges/glfw-3.2.1/CMakeFiles/CMakeTmp'
Building C object CMakeFiles/cmTC_62548.dir/CheckFunctionExists.c.o
/usr/bin/cc    -DCHECK_FUNCTION_EXISTS=connect   -o CMakeFiles/cmTC_62548.dir/CheckFunctionExists.c.o   -c /usr/share/cmake-3.7/Modules/CheckFunctionExists.c
Linking C executable cmTC_62548
/usr/bin/cmake -E cmake_link_script CMakeFiles/cmTC_62548.dir/link.txt --verbose=1
/usr/bin/cc   -DCHECK_FUNCTION_EXISTS=connect    CMakeFiles/cmTC_62548.dir/CheckFunctionExists.c.o  -o cmTC_62548 -rdynamic 
make[1]: Leaving directory '/home/admin/Documents/EPL/LMECA1120 - Elements Finis/Devoirs/Devoir 2/myFem-Edges/glfw-3.2.1/CMakeFiles/CMakeTmp'


Determining if the function remove exists passed with the following output:
Change Dir: /home/admin/Documents/EPL/LMECA1120 - Elements Finis/Devoirs/Devoir 2/myFem-Edges/glfw-3.2.1/CMakeFiles/CMakeTmp

Run Build Command:"/usr/bin/make" "cmTC_baec7/fast"
/usr/bin/make -f CMakeFiles/cmTC_baec7.dir/build.make CMakeFiles/cmTC_baec7.dir/build
make[1]: Entering directory '/home/admin/Documents/EPL/LMECA1120 - Elements Finis/Devoirs/Devoir 2/myFem-Edges/glfw-3.2.1/CMakeFiles/CMakeTmp'
Building C object CMakeFiles/cmTC_baec7.dir/CheckFunctionExists.c.o
/usr/bin/cc    -DCHECK_FUNCTION_EXISTS=remove   -o CMakeFiles/cmTC_baec7.dir/CheckFunctionExists.c.o   -c /usr/share/cmake-3.7/Modules/CheckFunctionExists.c
Linking C executable cmTC_baec7
/usr/bin/cmake -E cmake_link_script CMakeFiles/cmTC_baec7.dir/link.txt --verbose=1
/usr/bin/cc   -DCHECK_FUNCTION_EXISTS=remove    CMakeFiles/cmTC_baec7.dir/CheckFunctionExists.c.o  -o cmTC_baec7 -rdynamic 
make[1]: Leaving directory '/home/admin/Documents/EPL/LMECA1120 - Elements Finis/Devoirs/Devoir 2/myFem-Edges/glfw-3.2.1/CMakeFiles/CMakeTmp'


Determining if the function shmat exists passed with the following output:
Change Dir: /home/admin/Documents/EPL/LMECA1120 - Elements Finis/Devoirs/Devoir 2/myFem-Edges/glfw-3.2.1/CMakeFiles/CMakeTmp

Run Build Command:"/usr/bin/make" "cmTC_682a9/fast"
/usr/bin/make -f CMakeFiles/cmTC_682a9.dir/build.make CMakeFiles/cmTC_682a9.dir/build
make[1]: Entering directory '/home/admin/Documents/EPL/LMECA1120 - Elements Finis/Devoirs/Devoir 2/myFem-Edges/glfw-3.2.1/CMakeFiles/CMakeTmp'
Building C object CMakeFiles/cmTC_682a9.dir/CheckFunctionExists.c.o
/usr/bin/cc    -DCHECK_FUNCTION_EXISTS=shmat   -o CMakeFiles/cmTC_682a9.dir/CheckFunctionExists.c.o   -c /usr/share/cmake-3.7/Modules/CheckFunctionExists.c
Linking C executable cmTC_682a9
/usr/bin/cmake -E cmake_link_script CMakeFiles/cmTC_682a9.dir/link.txt --verbose=1
/usr/bin/cc   -DCHECK_FUNCTION_EXISTS=shmat    CMakeFiles/cmTC_682a9.dir/CheckFunctionExists.c.o  -o cmTC_682a9 -rdynamic 
make[1]: Leaving directory '/home/admin/Documents/EPL/LMECA1120 - Elements Finis/Devoirs/Devoir 2/myFem-Edges/glfw-3.2.1/CMakeFiles/CMakeTmp'


Determining if the function IceConnectionNumber exists in the ICE passed with the following output:
Change Dir: /home/admin/Documents/EPL/LMECA1120 - Elements Finis/Devoirs/Devoir 2/myFem-Edges/glfw-3.2.1/CMakeFiles/CMakeTmp

Run Build Command:"/usr/bin/make" "cmTC_36097/fast"
/usr/bin/make -f CMakeFiles/cmTC_36097.dir/build.make CMakeFiles/cmTC_36097.dir/build
make[1]: Entering directory '/home/admin/Documents/EPL/LMECA1120 - Elements Finis/Devoirs/Devoir 2/myFem-Edges/glfw-3.2.1/CMakeFiles/CMakeTmp'
Building C object CMakeFiles/cmTC_36097.dir/CheckFunctionExists.c.o
/usr/bin/cc    -DCHECK_FUNCTION_EXISTS=IceConnectionNumber   -o CMakeFiles/cmTC_36097.dir/CheckFunctionExists.c.o   -c /usr/share/cmake-3.7/Modules/CheckFunctionExists.c
Linking C executable cmTC_36097
/usr/bin/cmake -E cmake_link_script CMakeFiles/cmTC_36097.dir/link.txt --verbose=1
/usr/bin/cc   -DCHECK_FUNCTION_EXISTS=IceConnectionNumber    CMakeFiles/cmTC_36097.dir/CheckFunctionExists.c.o  -o cmTC_36097 -rdynamic -lICE 
make[1]: Leaving directory '/home/admin/Documents/EPL/LMECA1120 - Elements Finis/Devoirs/Devoir 2/myFem-Edges/glfw-3.2.1/CMakeFiles/CMakeTmp'


