Determining if the pthread_create exist failed with the following output:
Change Dir: /home/admin/Documents/EPL/LMECA1120 - Elements Finis/Devoirs/Projet2018/myFem-Grains/build/CMakeFiles/CMakeTmp

Run Build Command:"/usr/bin/make" "cmTC_e3303/fast"
/usr/bin/make -f CMakeFiles/cmTC_e3303.dir/build.make CMakeFiles/cmTC_e3303.dir/build
make[1]: Entering directory '/home/admin/Documents/EPL/LMECA1120 - Elements Finis/Devoirs/Projet2018/myFem-Grains/build/CMakeFiles/CMakeTmp'
Building C object CMakeFiles/cmTC_e3303.dir/CheckSymbolExists.c.o
/usr/bin/cc     -o CMakeFiles/cmTC_e3303.dir/CheckSymbolExists.c.o   -c "/home/admin/Documents/EPL/LMECA1120 - Elements Finis/Devoirs/Projet2018/myFem-Grains/build/CMakeFiles/CMakeTmp/CheckSymbolExists.c"
Linking C executable cmTC_e3303
/usr/bin/cmake -E cmake_link_script CMakeFiles/cmTC_e3303.dir/link.txt --verbose=1
/usr/bin/cc       CMakeFiles/cmTC_e3303.dir/CheckSymbolExists.c.o  -o cmTC_e3303 -rdynamic 
CMakeFiles/cmTC_e3303.dir/CheckSymbolExists.c.o: In function `main':
CheckSymbolExists.c:(.text+0x1b): undefined reference to `pthread_create'
collect2: error: ld returned 1 exit status
CMakeFiles/cmTC_e3303.dir/build.make:97: recipe for target 'cmTC_e3303' failed
make[1]: *** [cmTC_e3303] Error 1
make[1]: Leaving directory '/home/admin/Documents/EPL/LMECA1120 - Elements Finis/Devoirs/Projet2018/myFem-Grains/build/CMakeFiles/CMakeTmp'
Makefile:126: recipe for target 'cmTC_e3303/fast' failed
make: *** [cmTC_e3303/fast] Error 2

File /home/admin/Documents/EPL/LMECA1120 - Elements Finis/Devoirs/Projet2018/myFem-Grains/build/CMakeFiles/CMakeTmp/CheckSymbolExists.c:
/* */
#include <pthread.h>

int main(int argc, char** argv)
{
  (void)argv;
#ifndef pthread_create
  return ((int*)(&pthread_create))[argc];
#else
  (void)argc;
  return 0;
#endif
}

Determining if the function pthread_create exists in the pthreads failed with the following output:
Change Dir: /home/admin/Documents/EPL/LMECA1120 - Elements Finis/Devoirs/Projet2018/myFem-Grains/build/CMakeFiles/CMakeTmp

Run Build Command:"/usr/bin/make" "cmTC_740cd/fast"
/usr/bin/make -f CMakeFiles/cmTC_740cd.dir/build.make CMakeFiles/cmTC_740cd.dir/build
make[1]: Entering directory '/home/admin/Documents/EPL/LMECA1120 - Elements Finis/Devoirs/Projet2018/myFem-Grains/build/CMakeFiles/CMakeTmp'
Building C object CMakeFiles/cmTC_740cd.dir/CheckFunctionExists.c.o
/usr/bin/cc    -DCHECK_FUNCTION_EXISTS=pthread_create   -o CMakeFiles/cmTC_740cd.dir/CheckFunctionExists.c.o   -c /usr/share/cmake-3.7/Modules/CheckFunctionExists.c
Linking C executable cmTC_740cd
/usr/bin/cmake -E cmake_link_script CMakeFiles/cmTC_740cd.dir/link.txt --verbose=1
/usr/bin/cc   -DCHECK_FUNCTION_EXISTS=pthread_create    CMakeFiles/cmTC_740cd.dir/CheckFunctionExists.c.o  -o cmTC_740cd -rdynamic -lpthreads 
/usr/bin/ld: cannot find -lpthreads
collect2: error: ld returned 1 exit status
CMakeFiles/cmTC_740cd.dir/build.make:97: recipe for target 'cmTC_740cd' failed
make[1]: *** [cmTC_740cd] Error 1
make[1]: Leaving directory '/home/admin/Documents/EPL/LMECA1120 - Elements Finis/Devoirs/Projet2018/myFem-Grains/build/CMakeFiles/CMakeTmp'
Makefile:126: recipe for target 'cmTC_740cd/fast' failed
make: *** [cmTC_740cd/fast] Error 2


